\BOOKMARK [0][-]{Doc-Start}{\376\377\136\217\212\000}{}% 1
\BOOKMARK [0][-]{chapter*.1}{\376\377\166\356\137\125}{}% 2
\BOOKMARK [0][-]{chapter.1}{\376\377\117\134\116\032}{}% 3
\BOOKMARK [1][-]{section.1.1}{\376\377\0001\0000\000.\0002\0003}{chapter.1}% 4
\BOOKMARK [1][-]{section.1.2}{\376\377\0001\0000\000.\0002\0008\000\046\0001\0000\000.\0003\0000}{chapter.1}% 5
\BOOKMARK [2][-]{subsection.1.2.1}{\376\377\0001}{section.1.2}% 6
\BOOKMARK [2][-]{subsection.1.2.2}{\376\377\0002}{section.1.2}% 7
\BOOKMARK [2][-]{subsection.1.2.3}{\376\377\0003}{section.1.2}% 8
\BOOKMARK [2][-]{subsection.1.2.4}{\376\377\0004}{section.1.2}% 9
\BOOKMARK [2][-]{subsection.1.2.5}{\376\377\0005}{section.1.2}% 10
\BOOKMARK [2][-]{subsection.1.2.6}{\376\377\0006}{section.1.2}% 11
\BOOKMARK [1][-]{section.1.3}{\376\377\0001\0001\000.\0000\0004}{chapter.1}% 12
\BOOKMARK [2][-]{subsection.1.3.1}{\376\377\0001}{section.1.3}% 13
\BOOKMARK [2][-]{subsection.1.3.2}{\376\377\0002}{section.1.3}% 14
\BOOKMARK [2][-]{subsection.1.3.3}{\376\377\0003}{section.1.3}% 15
\BOOKMARK [1][-]{section.1.4}{\376\377\0001\0001\000.\0000\0006}{chapter.1}% 16
\BOOKMARK [1][-]{section.1.5}{\376\377\0001\0001\000.\0001\0001}{chapter.1}% 17
\BOOKMARK [2][-]{subsection.1.5.1}{\376\377\0001}{section.1.5}% 18
\BOOKMARK [2][-]{subsection.1.5.2}{\376\377\0002}{section.1.5}% 19
\BOOKMARK [1][-]{section.1.6}{\376\377\0001\0001\000.\0001\0003}{chapter.1}% 20
\BOOKMARK [2][-]{subsection.1.6.1}{\376\377\0001}{section.1.6}% 21
\BOOKMARK [2][-]{subsection.1.6.2}{\376\377\0002}{section.1.6}% 22
\BOOKMARK [2][-]{subsection.1.6.3}{\376\377\0003}{section.1.6}% 23
\BOOKMARK [1][-]{section.1.7}{\376\377\0001\0001\000.\0001\0008}{chapter.1}% 24
\BOOKMARK [2][-]{subsection.1.7.1}{\376\377\0001}{section.1.7}% 25
\BOOKMARK [2][-]{subsection.1.7.2}{\376\377\0002}{section.1.7}% 26
\BOOKMARK [2][-]{subsection.1.7.3}{\376\377\0003}{section.1.7}% 27
\BOOKMARK [1][-]{section.1.8}{\376\377\0001\0001\000.\0002\0007}{chapter.1}% 28
\BOOKMARK [2][-]{subsection.1.8.1}{\376\377\0001}{section.1.8}% 29
\BOOKMARK [2][-]{subsection.1.8.2}{\376\377\211\343\173\124}{section.1.8}% 30
\BOOKMARK [2][-]{subsection.1.8.3}{\376\377\200\314\146\157\167\345\213\306}{section.1.8}% 31
\BOOKMARK [2][-]{subsection.1.8.4}{\376\377\213\301\146\016\211\201\160\271\213\364\146\016}{section.1.8}% 32
\BOOKMARK [2][-]{subsection.1.8.5}{\376\377\152\041\127\213\116\313\176\315\116\016\116\055\137\303\123\026\131\004\164\006}{section.1.8}% 33
\BOOKMARK [1][-]{section.1.9}{\376\377\0001\0002\000.\0000\0002}{chapter.1}% 34
\BOOKMARK [2][-]{subsection.1.9.1}{\376\377\0001}{section.1.9}% 35
\BOOKMARK [2][-]{subsection.1.9.2}{\376\377\0002}{section.1.9}% 36
\BOOKMARK [1][-]{section.1.10}{\376\377\0001\0002\000.\0000\0004}{chapter.1}% 37
\BOOKMARK [2][-]{subsection.1.10.1}{\376\377\0001}{section.1.10}% 38
\BOOKMARK [1][-]{section.1.11}{\376\377\0001\0002\000.\0000\0009}{chapter.1}% 39
\BOOKMARK [2][-]{subsection.1.11.1}{\376\377\0001}{section.1.11}% 40
\BOOKMARK [2][-]{subsection.1.11.2}{\376\377\0002}{section.1.11}% 41
\BOOKMARK [1][-]{section.1.12}{\376\377\0001\0002\000.\0001\0001}{chapter.1}% 42
\BOOKMARK [2][-]{subsection.1.12.1}{\376\377\0001}{section.1.12}% 43
\BOOKMARK [2][-]{subsection.1.12.2}{\376\377\0002}{section.1.12}% 44
